  app_main.cpp
c:\users\alexander munoz\desktop\freeglutapp\app_main.cpp(75): warning C4305: 'argument': truncation from 'double' to 'GLfloat'
c:\users\alexander munoz\desktop\freeglutapp\app_main.cpp(77): warning C4305: 'argument': truncation from 'double' to 'GLfloat'
c:\users\alexander munoz\desktop\freeglutapp\app_main.cpp(78): warning C4305: 'argument': truncation from 'double' to 'GLfloat'
c:\users\alexander munoz\desktop\freeglutapp\app_main.cpp(80): warning C4305: 'argument': truncation from 'double' to 'GLfloat'
c:\users\alexander munoz\desktop\freeglutapp\app_main.cpp(81): warning C4305: 'argument': truncation from 'double' to 'GLfloat'
c:\users\alexander munoz\desktop\freeglutapp\app_main.cpp(86): warning C4305: 'argument': truncation from 'double' to 'GLfloat'
c:\users\alexander munoz\desktop\freeglutapp\app_main.cpp(87): warning C4305: 'argument': truncation from 'double' to 'GLfloat'
c:\users\alexander munoz\desktop\freeglutapp\app_main.cpp(88): warning C4305: 'argument': truncation from 'double' to 'GLfloat'
c:\users\alexander munoz\desktop\freeglutapp\app_main.cpp(89): warning C4305: 'argument': truncation from 'double' to 'GLfloat'
c:\users\alexander munoz\desktop\freeglutapp\app_main.cpp(93): warning C4305: 'argument': truncation from 'double' to 'GLfloat'
c:\users\alexander munoz\desktop\freeglutapp\app_main.cpp(94): warning C4305: 'argument': truncation from 'double' to 'GLfloat'
c:\users\alexander munoz\desktop\freeglutapp\app_main.cpp(95): warning C4305: 'argument': truncation from 'double' to 'GLfloat'
c:\users\alexander munoz\desktop\freeglutapp\app_main.cpp(96): warning C4305: 'argument': truncation from 'double' to 'GLfloat'
c:\users\alexander munoz\desktop\freeglutapp\app_main.cpp(102): warning C4305: 'argument': truncation from 'double' to 'GLfloat'
c:\users\alexander munoz\desktop\freeglutapp\app_main.cpp(103): warning C4305: 'argument': truncation from 'double' to 'GLfloat'
c:\users\alexander munoz\desktop\freeglutapp\app_main.cpp(104): warning C4305: 'argument': truncation from 'double' to 'GLfloat'
c:\users\alexander munoz\desktop\freeglutapp\app_main.cpp(105): warning C4305: 'argument': truncation from 'double' to 'GLfloat'
c:\users\alexander munoz\desktop\freeglutapp\app_main.cpp(109): warning C4305: 'argument': truncation from 'double' to 'GLfloat'
c:\users\alexander munoz\desktop\freeglutapp\app_main.cpp(110): warning C4305: 'argument': truncation from 'double' to 'GLfloat'
c:\users\alexander munoz\desktop\freeglutapp\app_main.cpp(111): warning C4305: 'argument': truncation from 'double' to 'GLfloat'
c:\users\alexander munoz\desktop\freeglutapp\app_main.cpp(112): warning C4305: 'argument': truncation from 'double' to 'GLfloat'
c:\users\alexander munoz\desktop\freeglutapp\app_main.cpp(117): warning C4305: 'argument': truncation from 'double' to 'GLfloat'
c:\users\alexander munoz\desktop\freeglutapp\app_main.cpp(120): warning C4305: 'argument': truncation from 'double' to 'GLfloat'
c:\users\alexander munoz\desktop\freeglutapp\app_main.cpp(126): warning C4305: 'argument': truncation from 'double' to 'GLfloat'
c:\users\alexander munoz\desktop\freeglutapp\app_main.cpp(127): warning C4305: 'argument': truncation from 'double' to 'GLfloat'
c:\users\alexander munoz\desktop\freeglutapp\app_main.cpp(128): warning C4305: 'argument': truncation from 'double' to 'GLfloat'
c:\users\alexander munoz\desktop\freeglutapp\app_main.cpp(133): warning C4305: 'argument': truncation from 'double' to 'GLfloat'
c:\users\alexander munoz\desktop\freeglutapp\app_main.cpp(134): warning C4305: 'argument': truncation from 'double' to 'GLfloat'
c:\users\alexander munoz\desktop\freeglutapp\app_main.cpp(135): warning C4305: 'argument': truncation from 'double' to 'GLfloat'
c:\users\alexander munoz\desktop\freeglutapp\app_main.cpp(140): warning C4305: 'argument': truncation from 'double' to 'GLfloat'
c:\users\alexander munoz\desktop\freeglutapp\app_main.cpp(141): warning C4305: 'argument': truncation from 'double' to 'GLfloat'
c:\users\alexander munoz\desktop\freeglutapp\app_main.cpp(142): warning C4305: 'argument': truncation from 'double' to 'GLfloat'
c:\users\alexander munoz\desktop\freeglutapp\app_main.cpp(147): warning C4305: 'argument': truncation from 'double' to 'GLfloat'
c:\users\alexander munoz\desktop\freeglutapp\app_main.cpp(148): warning C4305: 'argument': truncation from 'double' to 'GLfloat'
c:\users\alexander munoz\desktop\freeglutapp\app_main.cpp(149): warning C4305: 'argument': truncation from 'double' to 'GLfloat'
c:\users\alexander munoz\desktop\freeglutapp\app_main.cpp(156): warning C4305: 'argument': truncation from 'double' to 'GLfloat'
c:\users\alexander munoz\desktop\freeglutapp\app_main.cpp(157): warning C4305: 'argument': truncation from 'double' to 'GLfloat'
c:\users\alexander munoz\desktop\freeglutapp\app_main.cpp(167): warning C4018: '<': signed/unsigned mismatch
app_main.obj : warning LNK4075: ignoring '/EDITANDCONTINUE' due to '/SAFESEH' specification
  glutapp.vcxproj -> C:\Users\Alexander Munoz\Desktop\freeglutapp\visualc15\obj\glutapp_Debug\glutapp.exe
